  w3_p1.cpp
C:\Users\franc\OneDrive\WORKSPACE\6.-SENECA_CODE\OOP345-WorkShop\W03\w3_p1\w3_p1\Collection.h(64,4): error C3878: syntax error: unexpected token 'template' following 'statement'
C:\Users\franc\OneDrive\WORKSPACE\6.-SENECA_CODE\OOP345-WorkShop\W03\w3_p1\w3_p1\Collection.h(64,49): message : see reference to class template instantiation 'sdds::Collection<sdds::Pair,100>' being compiled
C:\Users\franc\OneDrive\WORKSPACE\6.-SENECA_CODE\OOP345-WorkShop\W03\w3_p1\w3_p1\Collection.h(77,3): message : see reference to class template instantiation 'sdds::Collection<T,CAPACITY>' being compiled
C:\Users\franc\OneDrive\WORKSPACE\6.-SENECA_CODE\OOP345-WorkShop\W03\w3_p1\w3_p1\Collection.h(64,4): message : error recovery skipped: 'template < >'
C:\Users\franc\OneDrive\WORKSPACE\6.-SENECA_CODE\OOP345-WorkShop\W03\w3_p1\w3_p1\Collection.h(64,4): message : error recovery skipped: 'template < >'
C:\Users\franc\OneDrive\WORKSPACE\6.-SENECA_CODE\OOP345-WorkShop\W03\w3_p1\w3_p1\Collection.h(64,4): message : error recovery skipped: 'template < >'
C:\Users\franc\OneDrive\WORKSPACE\6.-SENECA_CODE\OOP345-WorkShop\W03\w3_p1\w3_p1\Collection.h(64,4): message : error recovery skipped: 'template < >'
C:\Users\franc\OneDrive\WORKSPACE\6.-SENECA_CODE\OOP345-WorkShop\W03\w3_p1\w3_p1\Collection.h(64,4): message : error recovery skipped: 'template < >'
C:\Users\franc\OneDrive\WORKSPACE\6.-SENECA_CODE\OOP345-WorkShop\W03\w3_p1\w3_p1\Collection.h(64,4): message : error recovery skipped: 'template < >'
C:\Users\franc\OneDrive\WORKSPACE\6.-SENECA_CODE\OOP345-WorkShop\W03\w3_p1\w3_p1\Collection.h(64,4): message : error recovery skipped: 'template < >'
C:\Users\franc\OneDrive\WORKSPACE\6.-SENECA_CODE\OOP345-WorkShop\W03\w3_p1\w3_p1\Collection.h(64,4): message : error recovery skipped: 'template < >'
C:\Users\franc\OneDrive\WORKSPACE\6.-SENECA_CODE\OOP345-WorkShop\W03\w3_p1\w3_p1\Collection.h(64,4): message : error recovery skipped: 'template < >'
C:\Users\franc\OneDrive\WORKSPACE\6.-SENECA_CODE\OOP345-WorkShop\W03\w3_p1\w3_p1\Collection.h(64,4): message : error recovery skipped: 'template < >'
C:\Users\franc\OneDrive\WORKSPACE\6.-SENECA_CODE\OOP345-WorkShop\W03\w3_p1\w3_p1\Collection.h(64,4): message : error recovery skipped: 'template < >'
C:\Users\franc\OneDrive\WORKSPACE\6.-SENECA_CODE\OOP345-WorkShop\W03\w3_p1\w3_p1\Collection.h(64,4): message : error recovery skipped: 'template < >'
C:\Users\franc\OneDrive\WORKSPACE\6.-SENECA_CODE\OOP345-WorkShop\W03\w3_p1\w3_p1\Collection.h(64,4): message : error recovery skipped: 'template < >'
C:\Users\franc\OneDrive\WORKSPACE\6.-SENECA_CODE\OOP345-WorkShop\W03\w3_p1\w3_p1\Collection.h(64,4): message : error recovery skipped: 'template < >'
C:\Users\franc\OneDrive\WORKSPACE\6.-SENECA_CODE\OOP345-WorkShop\W03\w3_p1\w3_p1\Collection.h(64,4): message : error recovery skipped: 'template < >'
C:\Users\franc\OneDrive\WORKSPACE\6.-SENECA_CODE\OOP345-WorkShop\W03\w3_p1\w3_p1\Collection.h(64,4): message : error recovery skipped: 'template < >'
C:\Users\franc\OneDrive\WORKSPACE\6.-SENECA_CODE\OOP345-WorkShop\W03\w3_p1\w3_p1\Collection.h(64,4): message : error recovery skipped: 'template < >'
C:\Users\franc\OneDrive\WORKSPACE\6.-SENECA_CODE\OOP345-WorkShop\W03\w3_p1\w3_p1\Collection.h(64,4): message : error recovery skipped: 'template < >'
C:\Users\franc\OneDrive\WORKSPACE\6.-SENECA_CODE\OOP345-WorkShop\W03\w3_p1\w3_p1\Collection.h(64,4): message : error recovery skipped: 'template < >'
C:\Users\franc\OneDrive\WORKSPACE\6.-SENECA_CODE\OOP345-WorkShop\W03\w3_p1\w3_p1\Collection.h(64,4): message : error recovery skipped: 'template < >'
C:\Users\franc\OneDrive\WORKSPACE\6.-SENECA_CODE\OOP345-WorkShop\W03\w3_p1\w3_p1\Collection.h(64,4): message : error recovery skipped: 'template < >'
C:\Users\franc\OneDrive\WORKSPACE\6.-SENECA_CODE\OOP345-WorkShop\W03\w3_p1\w3_p1\Collection.h(64,4): message : error recovery skipped: 'template < >'
C:\Users\franc\OneDrive\WORKSPACE\6.-SENECA_CODE\OOP345-WorkShop\W03\w3_p1\w3_p1\Collection.h(64,4): message : error recovery skipped: 'template < >'
C:\Users\franc\OneDrive\WORKSPACE\6.-SENECA_CODE\OOP345-WorkShop\W03\w3_p1\w3_p1\Collection.h(64,4): message : error recovery skipped: 'template < >'
C:\Users\franc\OneDrive\WORKSPACE\6.-SENECA_CODE\OOP345-WorkShop\W03\w3_p1\w3_p1\Collection.h(64,4): message : error recovery skipped: 'template < >'
C:\Users\franc\OneDrive\WORKSPACE\6.-SENECA_CODE\OOP345-WorkShop\W03\w3_p1\w3_p1\Collection.h(64,4): message : error recovery skipped: 'template < >'
C:\Users\franc\OneDrive\WORKSPACE\6.-SENECA_CODE\OOP345-WorkShop\W03\w3_p1\w3_p1\Collection.h(64,4): message : error recovery skipped: 'template < >'
